	15: 09: 07 root INFO Успешный ввод

	15: 09: 07 root INFO Успешный ввод

	15: 10: 07 root INFO Успешный ввод

	15: 10: 08 root INFO Успешный ввод

	15: 10: 08 root INFO Клетки одного цвета

	15: 10: 10 root (Б) и (В) INFO Клетка 2 будет находиться под атакой фигуры на клетке 1 через 1 ход

	15: 13: 34 root INFO Успешный ввод

	15: 13: 35 root INFO Успешный ввод

	15: 13: 41 root INFO Успешный ввод

	15: 13: 42 root INFO Успешный ввод

	15: 13: 42 root INFO Клетки разных цветов

	15: 13: 45 root INFO Фигура введена успешно

	15: 13: 45 root INFO (Б) Клетка 2 не находится под атакой фиигуры на клетке 1 (В) не может быть под атакой через 1 ход

	15: 14: 01 root INFO Успешный ввод

	15: 14: 04 root ERROR Ошибка ввода

	15: 14: 08 root INFO Успешный ввод

	15: 14: 11 root INFO Успешный ввод

	15: 14: 15 root ERROR Ошибка ввода

	15: 14: 16 root INFO Успешный ввод

	15: 14: 16 root INFO Клетки одного цвета

	15: 14: 43 root INFO Фигура введена успешно

	15: 14: 43 root INFO (Б) и (В) Клетка 2 будет находиться под атакой фигуры на клетке 1 через 1 ход

	15: 26: 51 root INFO Успешный ввод

	15: 26: 53 root INFO Успешный ввод

	15: 26: 56 root INFO Успешный ввод

	15: 27: 00 root INFO Успешный ввод

	15: 27: 00 root INFO Клетки разных цветов

	15: 27: 02 root INFO Фигура введена успешно

	15: 27: 02 root (Б) INFO Клетка 2 не находится под атакой фигуры на клетке 1 (В) не может быть под атакой через 1 ход

